Build output check failed:
    Regex: 'command[- ]line option .* is valid for .* but not for C'
    Output line: 'cc1: warning: command line option ‘-Wnon-virtual-dtor’ is valid for C++/ObjC++ but not for C'
Compilation failed:
    source file: '/home/dawn/dawn/workspace/opencv-4.6.0/build/CMakeFiles/CMakeTmp/src.c'
    check option: ' -fsigned-char -W -Wall -Wreturn-type  -Wnon-virtual-dtor'
===== BUILD LOG =====
Change Dir: /home/dawn/dawn/workspace/opencv-4.6.0/build/CMakeFiles/CMakeTmp

Run Build Command:"/usr/bin/make" "cmTC_4b1f0/fast"
/usr/bin/make -f CMakeFiles/cmTC_4b1f0.dir/build.make CMakeFiles/cmTC_4b1f0.dir/build
make[1]: Entering directory '/home/dawn/dawn/workspace/opencv-4.6.0/build/CMakeFiles/CMakeTmp'
Building C object CMakeFiles/cmTC_4b1f0.dir/src.c.o
/usr/bin/gcc   -O3 -DNDEBUG -fPIE   -fsigned-char -W -Wall -Wreturn-type -Wnon-virtual-dtor -o CMakeFiles/cmTC_4b1f0.dir/src.c.o   -c /home/dawn/dawn/workspace/opencv-4.6.0/build/CMakeFiles/CMakeTmp/src.c
cc1: warning: command line option ‘-Wnon-virtual-dtor’ is valid for C++/ObjC++ but not for C
/home/dawn/dawn/workspace/opencv-4.6.0/build/CMakeFiles/CMakeTmp/src.c:1:0: warning: ignoring #pragma   [-Wunknown-pragmas]
 #pragma
 
Linking C executable cmTC_4b1f0
/usr/bin/cmake -E cmake_link_script CMakeFiles/cmTC_4b1f0.dir/link.txt --verbose=1
/usr/bin/gcc   -O3 -DNDEBUG  -pthread -ldl -lrt  CMakeFiles/cmTC_4b1f0.dir/src.c.o  -o cmTC_4b1f0 
make[1]: Leaving directory '/home/dawn/dawn/workspace/opencv-4.6.0/build/CMakeFiles/CMakeTmp'

===== END =====

Build output check failed:
    Regex: 'command[- ]line option .* is valid for .* but not for C\+\+'
    Output line: 'cc1plus: warning: command line option ‘-Wmissing-prototypes’ is valid for C/ObjC but not for C++'
Compilation failed:
    source file: '/home/dawn/dawn/workspace/opencv-4.6.0/build/CMakeFiles/CMakeTmp/src.cxx'
    check option: ' -fsigned-char -W -Wall -Wreturn-type -Wnon-virtual-dtor -Waddress -Wsequence-point -Wformat -Wformat-security -Wmissing-declarations  -Wmissing-prototypes'
===== BUILD LOG =====
Change Dir: /home/dawn/dawn/workspace/opencv-4.6.0/build/CMakeFiles/CMakeTmp

Run Build Command:"/usr/bin/make" "cmTC_eef37/fast"
/usr/bin/make -f CMakeFiles/cmTC_eef37.dir/build.make CMakeFiles/cmTC_eef37.dir/build
make[1]: Entering directory '/home/dawn/dawn/workspace/opencv-4.6.0/build/CMakeFiles/CMakeTmp'
Building CXX object CMakeFiles/cmTC_eef37.dir/src.cxx.o
/usr/bin/g++    -O3 -DNDEBUG -fPIE   -fsigned-char -W -Wall -Wreturn-type -Wnon-virtual-dtor -Waddress -Wsequence-point -Wformat -Wformat-security -Wmissing-declarations -Wmissing-prototypes -std=c++11 -o CMakeFiles/cmTC_eef37.dir/src.cxx.o -c /home/dawn/dawn/workspace/opencv-4.6.0/build/CMakeFiles/CMakeTmp/src.cxx
cc1plus: warning: command line option ‘-Wmissing-prototypes’ is valid for C/ObjC but not for C++
/home/dawn/dawn/workspace/opencv-4.6.0/build/CMakeFiles/CMakeTmp/src.cxx:1:0: warning: ignoring #pragma   [-Wunknown-pragmas]
 #pragma
 
Linking CXX executable cmTC_eef37
/usr/bin/cmake -E cmake_link_script CMakeFiles/cmTC_eef37.dir/link.txt --verbose=1
/usr/bin/g++    -O3 -DNDEBUG  -pthread -ldl -lrt  CMakeFiles/cmTC_eef37.dir/src.cxx.o  -o cmTC_eef37 
make[1]: Leaving directory '/home/dawn/dawn/workspace/opencv-4.6.0/build/CMakeFiles/CMakeTmp'

===== END =====

Build output check failed:
    Regex: 'command[- ]line option .* is valid for .* but not for C\+\+'
    Output line: 'cc1plus: warning: command line option ‘-Wstrict-prototypes’ is valid for C/ObjC but not for C++'
Compilation failed:
    source file: '/home/dawn/dawn/workspace/opencv-4.6.0/build/CMakeFiles/CMakeTmp/src.cxx'
    check option: ' -fsigned-char -W -Wall -Wreturn-type -Wnon-virtual-dtor -Waddress -Wsequence-point -Wformat -Wformat-security -Wmissing-declarations  -Wstrict-prototypes'
===== BUILD LOG =====
Change Dir: /home/dawn/dawn/workspace/opencv-4.6.0/build/CMakeFiles/CMakeTmp

Run Build Command:"/usr/bin/make" "cmTC_a268c/fast"
/usr/bin/make -f CMakeFiles/cmTC_a268c.dir/build.make CMakeFiles/cmTC_a268c.dir/build
make[1]: Entering directory '/home/dawn/dawn/workspace/opencv-4.6.0/build/CMakeFiles/CMakeTmp'
Building CXX object CMakeFiles/cmTC_a268c.dir/src.cxx.o
/usr/bin/g++    -O3 -DNDEBUG -fPIE   -fsigned-char -W -Wall -Wreturn-type -Wnon-virtual-dtor -Waddress -Wsequence-point -Wformat -Wformat-security -Wmissing-declarations -Wstrict-prototypes -std=c++11 -o CMakeFiles/cmTC_a268c.dir/src.cxx.o -c /home/dawn/dawn/workspace/opencv-4.6.0/build/CMakeFiles/CMakeTmp/src.cxx
cc1plus: warning: command line option ‘-Wstrict-prototypes’ is valid for C/ObjC but not for C++
/home/dawn/dawn/workspace/opencv-4.6.0/build/CMakeFiles/CMakeTmp/src.cxx:1:0: warning: ignoring #pragma   [-Wunknown-pragmas]
 #pragma
 
Linking CXX executable cmTC_a268c
/usr/bin/cmake -E cmake_link_script CMakeFiles/cmTC_a268c.dir/link.txt --verbose=1
/usr/bin/g++    -O3 -DNDEBUG  -pthread -ldl -lrt  CMakeFiles/cmTC_a268c.dir/src.cxx.o  -o cmTC_a268c 
make[1]: Leaving directory '/home/dawn/dawn/workspace/opencv-4.6.0/build/CMakeFiles/CMakeTmp'

===== END =====

Build output check failed:
    Regex: 'command[- ]line option .* is valid for .* but not for C'
    Output line: 'cc1: warning: command line option ‘-Wsign-promo’ is valid for C++/ObjC++ but not for C'
Compilation failed:
    source file: '/home/dawn/dawn/workspace/opencv-4.6.0/build/CMakeFiles/CMakeTmp/src.c'
    check option: ' -fsigned-char -W -Wall -Wreturn-type -Waddress -Wsequence-point -Wformat -Wformat-security -Wmissing-declarations -Wmissing-prototypes -Wstrict-prototypes -Wundef -Winit-self -Wpointer-arith -Wshadow  -Wsign-promo'
===== BUILD LOG =====
Change Dir: /home/dawn/dawn/workspace/opencv-4.6.0/build/CMakeFiles/CMakeTmp

Run Build Command:"/usr/bin/make" "cmTC_90fb9/fast"
/usr/bin/make -f CMakeFiles/cmTC_90fb9.dir/build.make CMakeFiles/cmTC_90fb9.dir/build
make[1]: Entering directory '/home/dawn/dawn/workspace/opencv-4.6.0/build/CMakeFiles/CMakeTmp'
Building C object CMakeFiles/cmTC_90fb9.dir/src.c.o
/usr/bin/gcc   -O3 -DNDEBUG -fPIE   -fsigned-char -W -Wall -Wreturn-type -Waddress -Wsequence-point -Wformat -Wformat-security -Wmissing-declarations -Wmissing-prototypes -Wstrict-prototypes -Wundef -Winit-self -Wpointer-arith -Wshadow -Wsign-promo -o CMakeFiles/cmTC_90fb9.dir/src.c.o   -c /home/dawn/dawn/workspace/opencv-4.6.0/build/CMakeFiles/CMakeTmp/src.c
cc1: warning: command line option ‘-Wsign-promo’ is valid for C++/ObjC++ but not for C
/home/dawn/dawn/workspace/opencv-4.6.0/build/CMakeFiles/CMakeTmp/src.c:1:0: warning: ignoring #pragma   [-Wunknown-pragmas]
 #pragma
 
Linking C executable cmTC_90fb9
/usr/bin/cmake -E cmake_link_script CMakeFiles/cmTC_90fb9.dir/link.txt --verbose=1
/usr/bin/gcc   -O3 -DNDEBUG  -pthread -ldl -lrt  CMakeFiles/cmTC_90fb9.dir/src.c.o  -o cmTC_90fb9 
make[1]: Leaving directory '/home/dawn/dawn/workspace/opencv-4.6.0/build/CMakeFiles/CMakeTmp'

===== END =====

Build output check failed:
    Regex: 'command[- ]line option .* is valid for .* but not for C'
    Output line: 'cc1: warning: command line option ‘-Wsuggest-override’ is valid for C++/ObjC++ but not for C'
Compilation failed:
    source file: '/home/dawn/dawn/workspace/opencv-4.6.0/build/CMakeFiles/CMakeTmp/src.c'
    check option: ' -fsigned-char -W -Wall -Wreturn-type -Waddress -Wsequence-point -Wformat -Wformat-security -Wmissing-declarations -Wmissing-prototypes -Wstrict-prototypes -Wundef -Winit-self -Wpointer-arith -Wshadow -Wuninitialized  -Wsuggest-override'
===== BUILD LOG =====
Change Dir: /home/dawn/dawn/workspace/opencv-4.6.0/build/CMakeFiles/CMakeTmp

Run Build Command:"/usr/bin/make" "cmTC_80b2d/fast"
/usr/bin/make -f CMakeFiles/cmTC_80b2d.dir/build.make CMakeFiles/cmTC_80b2d.dir/build
make[1]: Entering directory '/home/dawn/dawn/workspace/opencv-4.6.0/build/CMakeFiles/CMakeTmp'
Building C object CMakeFiles/cmTC_80b2d.dir/src.c.o
/usr/bin/gcc   -O3 -DNDEBUG -fPIE   -fsigned-char -W -Wall -Wreturn-type -Waddress -Wsequence-point -Wformat -Wformat-security -Wmissing-declarations -Wmissing-prototypes -Wstrict-prototypes -Wundef -Winit-self -Wpointer-arith -Wshadow -Wuninitialized -Wsuggest-override -o CMakeFiles/cmTC_80b2d.dir/src.c.o   -c /home/dawn/dawn/workspace/opencv-4.6.0/build/CMakeFiles/CMakeTmp/src.c
cc1: warning: command line option ‘-Wsuggest-override’ is valid for C++/ObjC++ but not for C
/home/dawn/dawn/workspace/opencv-4.6.0/build/CMakeFiles/CMakeTmp/src.c:1:0: warning: ignoring #pragma   [-Wunknown-pragmas]
 #pragma
 
Linking C executable cmTC_80b2d
/usr/bin/cmake -E cmake_link_script CMakeFiles/cmTC_80b2d.dir/link.txt --verbose=1
/usr/bin/gcc   -O3 -DNDEBUG  -pthread -ldl -lrt  CMakeFiles/cmTC_80b2d.dir/src.c.o  -o cmTC_80b2d 
make[1]: Leaving directory '/home/dawn/dawn/workspace/opencv-4.6.0/build/CMakeFiles/CMakeTmp'

===== END =====

Build output check failed:
    Regex: 'command[- ]line option .* is valid for .* but not for C'
    Output line: 'cc1: warning: command line option ‘-Wno-delete-non-virtual-dtor’ is valid for C++/ObjC++ but not for C'
Compilation failed:
    source file: '/home/dawn/dawn/workspace/opencv-4.6.0/build/CMakeFiles/CMakeTmp/src.c'
    check option: ' -fsigned-char -W -Wall -Wreturn-type -Waddress -Wsequence-point -Wformat -Wformat-security -Wmissing-declarations -Wmissing-prototypes -Wstrict-prototypes -Wundef -Winit-self -Wpointer-arith -Wshadow -Wuninitialized  -Wno-delete-non-virtual-dtor'
===== BUILD LOG =====
Change Dir: /home/dawn/dawn/workspace/opencv-4.6.0/build/CMakeFiles/CMakeTmp

Run Build Command:"/usr/bin/make" "cmTC_64b8d/fast"
/usr/bin/make -f CMakeFiles/cmTC_64b8d.dir/build.make CMakeFiles/cmTC_64b8d.dir/build
make[1]: Entering directory '/home/dawn/dawn/workspace/opencv-4.6.0/build/CMakeFiles/CMakeTmp'
Building C object CMakeFiles/cmTC_64b8d.dir/src.c.o
/usr/bin/gcc   -O3 -DNDEBUG -fPIE   -fsigned-char -W -Wall -Wreturn-type -Waddress -Wsequence-point -Wformat -Wformat-security -Wmissing-declarations -Wmissing-prototypes -Wstrict-prototypes -Wundef -Winit-self -Wpointer-arith -Wshadow -Wuninitialized -Wno-delete-non-virtual-dtor -o CMakeFiles/cmTC_64b8d.dir/src.c.o   -c /home/dawn/dawn/workspace/opencv-4.6.0/build/CMakeFiles/CMakeTmp/src.c
cc1: warning: command line option ‘-Wno-delete-non-virtual-dtor’ is valid for C++/ObjC++ but not for C
/home/dawn/dawn/workspace/opencv-4.6.0/build/CMakeFiles/CMakeTmp/src.c:1:0: warning: ignoring #pragma   [-Wunknown-pragmas]
 #pragma
 
Linking C executable cmTC_64b8d
/usr/bin/cmake -E cmake_link_script CMakeFiles/cmTC_64b8d.dir/link.txt --verbose=1
/usr/bin/gcc   -O3 -DNDEBUG  -pthread -ldl -lrt  CMakeFiles/cmTC_64b8d.dir/src.c.o  -o cmTC_64b8d 
make[1]: Leaving directory '/home/dawn/dawn/workspace/opencv-4.6.0/build/CMakeFiles/CMakeTmp'

===== END =====

Build output check failed:
    Regex: 'unrecognized .*option'
    Output line: 'cc1plus: warning: unrecognized command line option ‘-Wno-unnamed-type-template-args’'
Compilation failed:
    source file: '/home/dawn/dawn/workspace/opencv-4.6.0/build/CMakeFiles/CMakeTmp/src.cxx'
    check option: ' -fsigned-char -W -Wall -Wreturn-type -Wnon-virtual-dtor -Waddress -Wsequence-point -Wformat -Wformat-security -Wmissing-declarations -Wundef -Winit-self -Wpointer-arith -Wshadow -Wsign-promo -Wuninitialized -Wsuggest-override -Wno-delete-non-virtual-dtor  -Wno-unnamed-type-template-args'
===== BUILD LOG =====
Change Dir: /home/dawn/dawn/workspace/opencv-4.6.0/build/CMakeFiles/CMakeTmp

Run Build Command:"/usr/bin/make" "cmTC_5f915/fast"
/usr/bin/make -f CMakeFiles/cmTC_5f915.dir/build.make CMakeFiles/cmTC_5f915.dir/build
make[1]: Entering directory '/home/dawn/dawn/workspace/opencv-4.6.0/build/CMakeFiles/CMakeTmp'
Building CXX object CMakeFiles/cmTC_5f915.dir/src.cxx.o
/usr/bin/g++    -O3 -DNDEBUG -fPIE   -fsigned-char -W -Wall -Wreturn-type -Wnon-virtual-dtor -Waddress -Wsequence-point -Wformat -Wformat-security -Wmissing-declarations -Wundef -Winit-self -Wpointer-arith -Wshadow -Wsign-promo -Wuninitialized -Wsuggest-override -Wno-delete-non-virtual-dtor -Wno-unnamed-type-template-args -std=c++11 -o CMakeFiles/cmTC_5f915.dir/src.cxx.o -c /home/dawn/dawn/workspace/opencv-4.6.0/build/CMakeFiles/CMakeTmp/src.cxx
/home/dawn/dawn/workspace/opencv-4.6.0/build/CMakeFiles/CMakeTmp/src.cxx:1:0: warning: ignoring #pragma   [-Wunknown-pragmas]
 #pragma
 
cc1plus: warning: unrecognized command line option ‘-Wno-unnamed-type-template-args’
Linking CXX executable cmTC_5f915
/usr/bin/cmake -E cmake_link_script CMakeFiles/cmTC_5f915.dir/link.txt --verbose=1
/usr/bin/g++    -O3 -DNDEBUG  -pthread -ldl -lrt  CMakeFiles/cmTC_5f915.dir/src.cxx.o  -o cmTC_5f915 
make[1]: Leaving directory '/home/dawn/dawn/workspace/opencv-4.6.0/build/CMakeFiles/CMakeTmp'

===== END =====

Build output check failed:
    Regex: 'unrecognized .*option'
    Output line: 'cc1: warning: unrecognized command line option ‘-Wno-unnamed-type-template-args’'
Compilation failed:
    source file: '/home/dawn/dawn/workspace/opencv-4.6.0/build/CMakeFiles/CMakeTmp/src.c'
    check option: ' -fsigned-char -W -Wall -Wreturn-type -Waddress -Wsequence-point -Wformat -Wformat-security -Wmissing-declarations -Wmissing-prototypes -Wstrict-prototypes -Wundef -Winit-self -Wpointer-arith -Wshadow -Wuninitialized  -Wno-unnamed-type-template-args'
===== BUILD LOG =====
Change Dir: /home/dawn/dawn/workspace/opencv-4.6.0/build/CMakeFiles/CMakeTmp

Run Build Command:"/usr/bin/make" "cmTC_8a4f2/fast"
/usr/bin/make -f CMakeFiles/cmTC_8a4f2.dir/build.make CMakeFiles/cmTC_8a4f2.dir/build
make[1]: Entering directory '/home/dawn/dawn/workspace/opencv-4.6.0/build/CMakeFiles/CMakeTmp'
Building C object CMakeFiles/cmTC_8a4f2.dir/src.c.o
/usr/bin/gcc   -O3 -DNDEBUG -fPIE   -fsigned-char -W -Wall -Wreturn-type -Waddress -Wsequence-point -Wformat -Wformat-security -Wmissing-declarations -Wmissing-prototypes -Wstrict-prototypes -Wundef -Winit-self -Wpointer-arith -Wshadow -Wuninitialized -Wno-unnamed-type-template-args -o CMakeFiles/cmTC_8a4f2.dir/src.c.o   -c /home/dawn/dawn/workspace/opencv-4.6.0/build/CMakeFiles/CMakeTmp/src.c
/home/dawn/dawn/workspace/opencv-4.6.0/build/CMakeFiles/CMakeTmp/src.c:1:0: warning: ignoring #pragma   [-Wunknown-pragmas]
 #pragma
 
cc1: warning: unrecognized command line option ‘-Wno-unnamed-type-template-args’
Linking C executable cmTC_8a4f2
/usr/bin/cmake -E cmake_link_script CMakeFiles/cmTC_8a4f2.dir/link.txt --verbose=1
/usr/bin/gcc   -O3 -DNDEBUG  -pthread -ldl -lrt  CMakeFiles/cmTC_8a4f2.dir/src.c.o  -o cmTC_8a4f2 
make[1]: Leaving directory '/home/dawn/dawn/workspace/opencv-4.6.0/build/CMakeFiles/CMakeTmp'

===== END =====

Build output check failed:
    Regex: 'command[- ]line option .* is valid for .* but not for C'
    Output line: 'cc1: warning: command line option ‘-fvisibility-inlines-hidden’ is valid for C++/ObjC++ but not for C'
Compilation failed:
    source file: '/home/dawn/dawn/workspace/opencv-4.6.0/build/CMakeFiles/CMakeTmp/src.c'
    check option: ' -fsigned-char -W -Wall -Wreturn-type -Waddress -Wsequence-point -Wformat -Wformat-security -Wmissing-declarations -Wmissing-prototypes -Wstrict-prototypes -Wundef -Winit-self -Wpointer-arith -Wshadow -Wuninitialized -Wno-comment -Wimplicit-fallthrough=3 -Wno-strict-overflow -fdiagnostics-show-option -Wno-long-long -pthread -fomit-frame-pointer -ffunction-sections -fdata-sections  -msse -msse2 -msse3 -fvisibility=hidden  -fvisibility-inlines-hidden'
===== BUILD LOG =====
Change Dir: /home/dawn/dawn/workspace/opencv-4.6.0/build/CMakeFiles/CMakeTmp

Run Build Command:"/usr/bin/make" "cmTC_02c54/fast"
/usr/bin/make -f CMakeFiles/cmTC_02c54.dir/build.make CMakeFiles/cmTC_02c54.dir/build
make[1]: Entering directory '/home/dawn/dawn/workspace/opencv-4.6.0/build/CMakeFiles/CMakeTmp'
Building C object CMakeFiles/cmTC_02c54.dir/src.c.o
/usr/bin/gcc   -O3 -DNDEBUG -fPIE   -fsigned-char -W -Wall -Wreturn-type -Waddress -Wsequence-point -Wformat -Wformat-security -Wmissing-declarations -Wmissing-prototypes -Wstrict-prototypes -Wundef -Winit-self -Wpointer-arith -Wshadow -Wuninitialized -Wno-comment -Wimplicit-fallthrough=3 -Wno-strict-overflow -fdiagnostics-show-option -Wno-long-long -pthread -fomit-frame-pointer -ffunction-sections -fdata-sections -msse -msse2 -msse3 -fvisibility=hidden -fvisibility-inlines-hidden -o CMakeFiles/cmTC_02c54.dir/src.c.o   -c /home/dawn/dawn/workspace/opencv-4.6.0/build/CMakeFiles/CMakeTmp/src.c
cc1: warning: command line option ‘-fvisibility-inlines-hidden’ is valid for C++/ObjC++ but not for C
/home/dawn/dawn/workspace/opencv-4.6.0/build/CMakeFiles/CMakeTmp/src.c:1:0: warning: ignoring #pragma   [-Wunknown-pragmas]
 #pragma
 
Linking C executable cmTC_02c54
/usr/bin/cmake -E cmake_link_script CMakeFiles/cmTC_02c54.dir/link.txt --verbose=1
/usr/bin/gcc   -O3 -DNDEBUG  -pthread -ldl -lrt  CMakeFiles/cmTC_02c54.dir/src.c.o  -o cmTC_02c54 
make[1]: Leaving directory '/home/dawn/dawn/workspace/opencv-4.6.0/build/CMakeFiles/CMakeTmp'

===== END =====

Determining size of off64_t failed with the following output:
Change Dir: /home/dawn/dawn/workspace/opencv-4.6.0/build/CMakeFiles/CMakeTmp

Run Build Command:"/usr/bin/make" "cmTC_1497f/fast"
/usr/bin/make -f CMakeFiles/cmTC_1497f.dir/build.make CMakeFiles/cmTC_1497f.dir/build
make[1]: Entering directory '/home/dawn/dawn/workspace/opencv-4.6.0/build/CMakeFiles/CMakeTmp'
Building C object CMakeFiles/cmTC_1497f.dir/OFF64_T.c.o
/usr/bin/gcc   -fsigned-char -W -Wall -Wreturn-type -Waddress -Wsequence-point -Wformat -Wformat-security -Wmissing-declarations -Wmissing-prototypes -Wstrict-prototypes -Wundef -Winit-self -Wpointer-arith -Wshadow -Wuninitialized -Wno-comment -Wimplicit-fallthrough=3 -Wno-strict-overflow -fdiagnostics-show-option -Wno-long-long -pthread -fomit-frame-pointer -ffunction-sections -fdata-sections  -msse -msse2 -msse3 -fvisibility=hidden  -O3 -DNDEBUG  -DNDEBUG -fPIE   -o CMakeFiles/cmTC_1497f.dir/OFF64_T.c.o   -c /home/dawn/dawn/workspace/opencv-4.6.0/build/CMakeFiles/CheckTypeSize/OFF64_T.c
/home/dawn/dawn/workspace/opencv-4.6.0/build/CMakeFiles/CheckTypeSize/OFF64_T.c:23:22: error: ‘off64_t’ undeclared here (not in a function); did you mean ‘off_t’?
 #define SIZE (sizeof(off64_t))
                      ^
/home/dawn/dawn/workspace/opencv-4.6.0/build/CMakeFiles/CheckTypeSize/OFF64_T.c:25:12: note: in expansion of macro ‘SIZE’
   ('0' + ((SIZE / 10000)%10)),
            ^~~~
CMakeFiles/cmTC_1497f.dir/build.make:65: recipe for target 'CMakeFiles/cmTC_1497f.dir/OFF64_T.c.o' failed
make[1]: *** [CMakeFiles/cmTC_1497f.dir/OFF64_T.c.o] Error 1
make[1]: Leaving directory '/home/dawn/dawn/workspace/opencv-4.6.0/build/CMakeFiles/CMakeTmp'
Makefile:126: recipe for target 'cmTC_1497f/fast' failed
make: *** [cmTC_1497f/fast] Error 2

/home/dawn/dawn/workspace/opencv-4.6.0/build/CMakeFiles/CheckTypeSize/OFF64_T.c:
#include <sys/types.h>
#include <stdint.h>
#include <stddef.h>


#undef KEY
#if defined(__i386)
# define KEY '_','_','i','3','8','6'
#elif defined(__x86_64)
# define KEY '_','_','x','8','6','_','6','4'
#elif defined(__ppc__)
# define KEY '_','_','p','p','c','_','_'
#elif defined(__ppc64__)
# define KEY '_','_','p','p','c','6','4','_','_'
#elif defined(__aarch64__)
# define KEY '_','_','a','a','r','c','h','6','4','_','_'
#elif defined(__ARM_ARCH_7A__)
# define KEY '_','_','A','R','M','_','A','R','C','H','_','7','A','_','_'
#elif defined(__ARM_ARCH_7S__)
# define KEY '_','_','A','R','M','_','A','R','C','H','_','7','S','_','_'
#endif

#define SIZE (sizeof(off64_t))
char info_size[] =  {'I', 'N', 'F', 'O', ':', 's','i','z','e','[',
  ('0' + ((SIZE / 10000)%10)),
  ('0' + ((SIZE / 1000)%10)),
  ('0' + ((SIZE / 100)%10)),
  ('0' + ((SIZE / 10)%10)),
  ('0' +  (SIZE    % 10)),
  ']',
#ifdef KEY
  ' ','k','e','y','[', KEY, ']',
#endif
  '\0'};

#ifdef __CLASSIC_C__
int main(argc, argv) int argc; char *argv[];
#else
int main(int argc, char *argv[])
#endif
{
  int require = 0;
  require += info_size[argc];
  (void)argv;
  return require;
}


Build output check failed:
    Regex: 'unrecognized .*option'
    Output line: 'cc1: warning: unrecognized command line option ‘-Wno-shorten-64-to-32’'
Compilation failed:
    source file: '/home/dawn/dawn/workspace/opencv-4.6.0/build/CMakeFiles/CMakeTmp/src.c'
    check option: ' -Wno-shorten-64-to-32'
===== BUILD LOG =====
Change Dir: /home/dawn/dawn/workspace/opencv-4.6.0/build/CMakeFiles/CMakeTmp

Run Build Command:"/usr/bin/make" "cmTC_6be63/fast"
/usr/bin/make -f CMakeFiles/cmTC_6be63.dir/build.make CMakeFiles/cmTC_6be63.dir/build
make[1]: Entering directory '/home/dawn/dawn/workspace/opencv-4.6.0/build/CMakeFiles/CMakeTmp'
Building C object CMakeFiles/cmTC_6be63.dir/src.c.o
/usr/bin/gcc   -fsigned-char -W -Wall -Wreturn-type -Waddress -Wsequence-point -Wformat -Wformat-security -Wmissing-declarations -Wmissing-prototypes -Wstrict-prototypes -Wundef -Winit-self -Wpointer-arith -Wshadow -Wuninitialized -Wno-comment -Wimplicit-fallthrough=3 -Wno-strict-overflow -fdiagnostics-show-option -Wno-long-long -pthread -fomit-frame-pointer -ffunction-sections -fdata-sections  -msse -msse2 -msse3 -fvisibility=hidden  -O3 -DNDEBUG  -DNDEBUG -fPIE   -Wno-shorten-64-to-32 -o CMakeFiles/cmTC_6be63.dir/src.c.o   -c /home/dawn/dawn/workspace/opencv-4.6.0/build/CMakeFiles/CMakeTmp/src.c
/home/dawn/dawn/workspace/opencv-4.6.0/build/CMakeFiles/CMakeTmp/src.c:1:0: warning: ignoring #pragma   [-Wunknown-pragmas]
 #pragma
 
cc1: warning: unrecognized command line option ‘-Wno-shorten-64-to-32’
Linking C executable cmTC_6be63
/usr/bin/cmake -E cmake_link_script CMakeFiles/cmTC_6be63.dir/link.txt --verbose=1
/usr/bin/gcc    -fsigned-char -W -Wall -Wreturn-type -Waddress -Wsequence-point -Wformat -Wformat-security -Wmissing-declarations -Wmissing-prototypes -Wstrict-prototypes -Wundef -Winit-self -Wpointer-arith -Wshadow -Wuninitialized -Wno-comment -Wimplicit-fallthrough=3 -Wno-strict-overflow -fdiagnostics-show-option -Wno-long-long -pthread -fomit-frame-pointer -ffunction-sections -fdata-sections  -msse -msse2 -msse3 -fvisibility=hidden  -O3 -DNDEBUG  -DNDEBUG  -pthread -ldl -lrt  -Wl,--gc-sections -Wl,--as-needed -Wl,--no-undefined  CMakeFiles/cmTC_6be63.dir/src.c.o  -o cmTC_6be63 
make[1]: Leaving directory '/home/dawn/dawn/workspace/opencv-4.6.0/build/CMakeFiles/CMakeTmp'

===== END =====

Determining if the include file io.h exists failed with the following output:
Change Dir: /home/dawn/dawn/workspace/opencv-4.6.0/build/CMakeFiles/CMakeTmp

Run Build Command:"/usr/bin/make" "cmTC_e5759/fast"
/usr/bin/make -f CMakeFiles/cmTC_e5759.dir/build.make CMakeFiles/cmTC_e5759.dir/build
make[1]: Entering directory '/home/dawn/dawn/workspace/opencv-4.6.0/build/CMakeFiles/CMakeTmp'
Building C object CMakeFiles/cmTC_e5759.dir/CheckIncludeFile.c.o
/usr/bin/gcc   -fsigned-char -W -Wall -Wreturn-type -Waddress -Wsequence-point -Wformat -Wformat-security -Wmissing-declarations -Wmissing-prototypes -Wstrict-prototypes -Wundef -Winit-self -Wpointer-arith -Wshadow -Wuninitialized -Wno-comment -Wimplicit-fallthrough=3 -Wno-strict-overflow -fdiagnostics-show-option -Wno-long-long -pthread -fomit-frame-pointer -ffunction-sections -fdata-sections  -msse -msse2 -msse3 -fvisibility=hidden  -O3 -DNDEBUG  -DNDEBUG -fPIE   -o CMakeFiles/cmTC_e5759.dir/CheckIncludeFile.c.o   -c /home/dawn/dawn/workspace/opencv-4.6.0/build/CMakeFiles/CMakeTmp/CheckIncludeFile.c
/home/dawn/dawn/workspace/opencv-4.6.0/build/CMakeFiles/CMakeTmp/CheckIncludeFile.c:1:10: fatal error: io.h: No such file or directory
 #include <io.h>
          ^~~~~~
compilation terminated.
CMakeFiles/cmTC_e5759.dir/build.make:65: recipe for target 'CMakeFiles/cmTC_e5759.dir/CheckIncludeFile.c.o' failed
make[1]: *** [CMakeFiles/cmTC_e5759.dir/CheckIncludeFile.c.o] Error 1
make[1]: Leaving directory '/home/dawn/dawn/workspace/opencv-4.6.0/build/CMakeFiles/CMakeTmp'
Makefile:126: recipe for target 'cmTC_e5759/fast' failed
make: *** [cmTC_e5759/fast] Error 2


Determining size of INT8 failed with the following output:
Change Dir: /home/dawn/dawn/workspace/opencv-4.6.0/build/CMakeFiles/CMakeTmp

Run Build Command:"/usr/bin/make" "cmTC_6de37/fast"
/usr/bin/make -f CMakeFiles/cmTC_6de37.dir/build.make CMakeFiles/cmTC_6de37.dir/build
make[1]: Entering directory '/home/dawn/dawn/workspace/opencv-4.6.0/build/CMakeFiles/CMakeTmp'
Building C object CMakeFiles/cmTC_6de37.dir/int8.c.o
/usr/bin/gcc   -fsigned-char -W -Wall -Wreturn-type -Waddress -Wsequence-point -Wformat -Wformat-security -Wmissing-declarations -Wmissing-prototypes -Wstrict-prototypes -Wundef -Winit-self -Wpointer-arith -Wshadow -Wuninitialized -Wno-comment -Wimplicit-fallthrough=3 -Wno-strict-overflow -fdiagnostics-show-option -Wno-long-long -pthread -fomit-frame-pointer -ffunction-sections -fdata-sections  -msse -msse2 -msse3 -fvisibility=hidden  -O3 -DNDEBUG  -DNDEBUG -fPIE   -o CMakeFiles/cmTC_6de37.dir/int8.c.o   -c /home/dawn/dawn/workspace/opencv-4.6.0/build/CMakeFiles/CheckTypeSize/int8.c
/home/dawn/dawn/workspace/opencv-4.6.0/build/CMakeFiles/CheckTypeSize/int8.c:23:22: error: ‘INT8’ undeclared here (not in a function); did you mean ‘INT8_C’?
 #define SIZE (sizeof(INT8))
                      ^
/home/dawn/dawn/workspace/opencv-4.6.0/build/CMakeFiles/CheckTypeSize/int8.c:25:12: note: in expansion of macro ‘SIZE’
   ('0' + ((SIZE / 10000)%10)),
            ^~~~
CMakeFiles/cmTC_6de37.dir/build.make:65: recipe for target 'CMakeFiles/cmTC_6de37.dir/int8.c.o' failed
make[1]: *** [CMakeFiles/cmTC_6de37.dir/int8.c.o] Error 1
make[1]: Leaving directory '/home/dawn/dawn/workspace/opencv-4.6.0/build/CMakeFiles/CMakeTmp'
Makefile:126: recipe for target 'cmTC_6de37/fast' failed
make: *** [cmTC_6de37/fast] Error 2

/home/dawn/dawn/workspace/opencv-4.6.0/build/CMakeFiles/CheckTypeSize/int8.c:
#include <sys/types.h>
#include <stdint.h>
#include <stddef.h>


#undef KEY
#if defined(__i386)
# define KEY '_','_','i','3','8','6'
#elif defined(__x86_64)
# define KEY '_','_','x','8','6','_','6','4'
#elif defined(__ppc__)
# define KEY '_','_','p','p','c','_','_'
#elif defined(__ppc64__)
# define KEY '_','_','p','p','c','6','4','_','_'
#elif defined(__aarch64__)
# define KEY '_','_','a','a','r','c','h','6','4','_','_'
#elif defined(__ARM_ARCH_7A__)
# define KEY '_','_','A','R','M','_','A','R','C','H','_','7','A','_','_'
#elif defined(__ARM_ARCH_7S__)
# define KEY '_','_','A','R','M','_','A','R','C','H','_','7','S','_','_'
#endif

#define SIZE (sizeof(INT8))
char info_size[] =  {'I', 'N', 'F', 'O', ':', 's','i','z','e','[',
  ('0' + ((SIZE / 10000)%10)),
  ('0' + ((SIZE / 1000)%10)),
  ('0' + ((SIZE / 100)%10)),
  ('0' + ((SIZE / 10)%10)),
  ('0' +  (SIZE    % 10)),
  ']',
#ifdef KEY
  ' ','k','e','y','[', KEY, ']',
#endif
  '\0'};

#ifdef __CLASSIC_C__
int main(argc, argv) int argc; char *argv[];
#else
int main(int argc, char *argv[])
#endif
{
  int require = 0;
  require += info_size[argc];
  (void)argv;
  return require;
}


Determining size of INT16 failed with the following output:
Change Dir: /home/dawn/dawn/workspace/opencv-4.6.0/build/CMakeFiles/CMakeTmp

Run Build Command:"/usr/bin/make" "cmTC_851de/fast"
/usr/bin/make -f CMakeFiles/cmTC_851de.dir/build.make CMakeFiles/cmTC_851de.dir/build
make[1]: Entering directory '/home/dawn/dawn/workspace/opencv-4.6.0/build/CMakeFiles/CMakeTmp'
Building C object CMakeFiles/cmTC_851de.dir/int16.c.o
/usr/bin/gcc   -fsigned-char -W -Wall -Wreturn-type -Waddress -Wsequence-point -Wformat -Wformat-security -Wmissing-declarations -Wmissing-prototypes -Wstrict-prototypes -Wundef -Winit-self -Wpointer-arith -Wshadow -Wuninitialized -Wno-comment -Wimplicit-fallthrough=3 -Wno-strict-overflow -fdiagnostics-show-option -Wno-long-long -pthread -fomit-frame-pointer -ffunction-sections -fdata-sections  -msse -msse2 -msse3 -fvisibility=hidden  -O3 -DNDEBUG  -DNDEBUG -fPIE   -o CMakeFiles/cmTC_851de.dir/int16.c.o   -c /home/dawn/dawn/workspace/opencv-4.6.0/build/CMakeFiles/CheckTypeSize/int16.c
/home/dawn/dawn/workspace/opencv-4.6.0/build/CMakeFiles/CheckTypeSize/int16.c:23:22: error: ‘INT16’ undeclared here (not in a function); did you mean ‘INT16_C’?
 #define SIZE (sizeof(INT16))
                      ^
/home/dawn/dawn/workspace/opencv-4.6.0/build/CMakeFiles/CheckTypeSize/int16.c:25:12: note: in expansion of macro ‘SIZE’
   ('0' + ((SIZE / 10000)%10)),
            ^~~~
CMakeFiles/cmTC_851de.dir/build.make:65: recipe for target 'CMakeFiles/cmTC_851de.dir/int16.c.o' failed
make[1]: *** [CMakeFiles/cmTC_851de.dir/int16.c.o] Error 1
make[1]: Leaving directory '/home/dawn/dawn/workspace/opencv-4.6.0/build/CMakeFiles/CMakeTmp'
Makefile:126: recipe for target 'cmTC_851de/fast' failed
make: *** [cmTC_851de/fast] Error 2

/home/dawn/dawn/workspace/opencv-4.6.0/build/CMakeFiles/CheckTypeSize/int16.c:
#include <sys/types.h>
#include <stdint.h>
#include <stddef.h>


#undef KEY
#if defined(__i386)
# define KEY '_','_','i','3','8','6'
#elif defined(__x86_64)
# define KEY '_','_','x','8','6','_','6','4'
#elif defined(__ppc__)
# define KEY '_','_','p','p','c','_','_'
#elif defined(__ppc64__)
# define KEY '_','_','p','p','c','6','4','_','_'
#elif defined(__aarch64__)
# define KEY '_','_','a','a','r','c','h','6','4','_','_'
#elif defined(__ARM_ARCH_7A__)
# define KEY '_','_','A','R','M','_','A','R','C','H','_','7','A','_','_'
#elif defined(__ARM_ARCH_7S__)
# define KEY '_','_','A','R','M','_','A','R','C','H','_','7','S','_','_'
#endif

#define SIZE (sizeof(INT16))
char info_size[] =  {'I', 'N', 'F', 'O', ':', 's','i','z','e','[',
  ('0' + ((SIZE / 10000)%10)),
  ('0' + ((SIZE / 1000)%10)),
  ('0' + ((SIZE / 100)%10)),
  ('0' + ((SIZE / 10)%10)),
  ('0' +  (SIZE    % 10)),
  ']',
#ifdef KEY
  ' ','k','e','y','[', KEY, ']',
#endif
  '\0'};

#ifdef __CLASSIC_C__
int main(argc, argv) int argc; char *argv[];
#else
int main(int argc, char *argv[])
#endif
{
  int require = 0;
  require += info_size[argc];
  (void)argv;
  return require;
}


Determining size of INT32 failed with the following output:
Change Dir: /home/dawn/dawn/workspace/opencv-4.6.0/build/CMakeFiles/CMakeTmp

Run Build Command:"/usr/bin/make" "cmTC_4f23f/fast"
/usr/bin/make -f CMakeFiles/cmTC_4f23f.dir/build.make CMakeFiles/cmTC_4f23f.dir/build
make[1]: Entering directory '/home/dawn/dawn/workspace/opencv-4.6.0/build/CMakeFiles/CMakeTmp'
Building C object CMakeFiles/cmTC_4f23f.dir/int32.c.o
/usr/bin/gcc   -fsigned-char -W -Wall -Wreturn-type -Waddress -Wsequence-point -Wformat -Wformat-security -Wmissing-declarations -Wmissing-prototypes -Wstrict-prototypes -Wundef -Winit-self -Wpointer-arith -Wshadow -Wuninitialized -Wno-comment -Wimplicit-fallthrough=3 -Wno-strict-overflow -fdiagnostics-show-option -Wno-long-long -pthread -fomit-frame-pointer -ffunction-sections -fdata-sections  -msse -msse2 -msse3 -fvisibility=hidden  -O3 -DNDEBUG  -DNDEBUG -fPIE   -o CMakeFiles/cmTC_4f23f.dir/int32.c.o   -c /home/dawn/dawn/workspace/opencv-4.6.0/build/CMakeFiles/CheckTypeSize/int32.c
/home/dawn/dawn/workspace/opencv-4.6.0/build/CMakeFiles/CheckTypeSize/int32.c:23:22: error: ‘INT32’ undeclared here (not in a function); did you mean ‘INT32_C’?
 #define SIZE (sizeof(INT32))
                      ^
/home/dawn/dawn/workspace/opencv-4.6.0/build/CMakeFiles/CheckTypeSize/int32.c:25:12: note: in expansion of macro ‘SIZE’
   ('0' + ((SIZE / 10000)%10)),
            ^~~~
CMakeFiles/cmTC_4f23f.dir/build.make:65: recipe for target 'CMakeFiles/cmTC_4f23f.dir/int32.c.o' failed
make[1]: *** [CMakeFiles/cmTC_4f23f.dir/int32.c.o] Error 1
make[1]: Leaving directory '/home/dawn/dawn/workspace/opencv-4.6.0/build/CMakeFiles/CMakeTmp'
Makefile:126: recipe for target 'cmTC_4f23f/fast' failed
make: *** [cmTC_4f23f/fast] Error 2

/home/dawn/dawn/workspace/opencv-4.6.0/build/CMakeFiles/CheckTypeSize/int32.c:
#include <sys/types.h>
#include <stdint.h>
#include <stddef.h>


#undef KEY
#if defined(__i386)
# define KEY '_','_','i','3','8','6'
#elif defined(__x86_64)
# define KEY '_','_','x','8','6','_','6','4'
#elif defined(__ppc__)
# define KEY '_','_','p','p','c','_','_'
#elif defined(__ppc64__)
# define KEY '_','_','p','p','c','6','4','_','_'
#elif defined(__aarch64__)
# define KEY '_','_','a','a','r','c','h','6','4','_','_'
#elif defined(__ARM_ARCH_7A__)
# define KEY '_','_','A','R','M','_','A','R','C','H','_','7','A','_','_'
#elif defined(__ARM_ARCH_7S__)
# define KEY '_','_','A','R','M','_','A','R','C','H','_','7','S','_','_'
#endif

#define SIZE (sizeof(INT32))
char info_size[] =  {'I', 'N', 'F', 'O', ':', 's','i','z','e','[',
  ('0' + ((SIZE / 10000)%10)),
  ('0' + ((SIZE / 1000)%10)),
  ('0' + ((SIZE / 100)%10)),
  ('0' + ((SIZE / 10)%10)),
  ('0' +  (SIZE    % 10)),
  ']',
#ifdef KEY
  ' ','k','e','y','[', KEY, ']',
#endif
  '\0'};

#ifdef __CLASSIC_C__
int main(argc, argv) int argc; char *argv[];
#else
int main(int argc, char *argv[])
#endif
{
  int require = 0;
  require += info_size[argc];
  (void)argv;
  return require;
}


Determining if the function setmode exists failed with the following output:
Change Dir: /home/dawn/dawn/workspace/opencv-4.6.0/build/CMakeFiles/CMakeTmp

Run Build Command:"/usr/bin/make" "cmTC_9ebf0/fast"
/usr/bin/make -f CMakeFiles/cmTC_9ebf0.dir/build.make CMakeFiles/cmTC_9ebf0.dir/build
make[1]: Entering directory '/home/dawn/dawn/workspace/opencv-4.6.0/build/CMakeFiles/CMakeTmp'
Building C object CMakeFiles/cmTC_9ebf0.dir/CheckFunctionExists.c.o
/usr/bin/gcc   -fsigned-char -W -Wall -Wreturn-type -Waddress -Wsequence-point -Wformat -Wformat-security -Wmissing-declarations -Wmissing-prototypes -Wstrict-prototypes -Wundef -Winit-self -Wpointer-arith -Wshadow -Wuninitialized -Wno-comment -Wimplicit-fallthrough=3 -Wno-strict-overflow -fdiagnostics-show-option -Wno-long-long -pthread -fomit-frame-pointer -ffunction-sections -fdata-sections  -msse -msse2 -msse3 -fvisibility=hidden -DCHECK_FUNCTION_EXISTS=setmode -O3 -DNDEBUG  -DNDEBUG -fPIE   -o CMakeFiles/cmTC_9ebf0.dir/CheckFunctionExists.c.o   -c /usr/share/cmake-3.10/Modules/CheckFunctionExists.c
Linking C executable cmTC_9ebf0
/usr/bin/cmake -E cmake_link_script CMakeFiles/cmTC_9ebf0.dir/link.txt --verbose=1
/usr/bin/gcc    -fsigned-char -W -Wall -Wreturn-type -Waddress -Wsequence-point -Wformat -Wformat-security -Wmissing-declarations -Wmissing-prototypes -Wstrict-prototypes -Wundef -Winit-self -Wpointer-arith -Wshadow -Wuninitialized -Wno-comment -Wimplicit-fallthrough=3 -Wno-strict-overflow -fdiagnostics-show-option -Wno-long-long -pthread -fomit-frame-pointer -ffunction-sections -fdata-sections  -msse -msse2 -msse3 -fvisibility=hidden -DCHECK_FUNCTION_EXISTS=setmode -O3 -DNDEBUG  -DNDEBUG  -pthread -ldl -lrt  -Wl,--gc-sections -Wl,--as-needed -Wl,--no-undefined  CMakeFiles/cmTC_9ebf0.dir/CheckFunctionExists.c.o  -o cmTC_9ebf0 
CMakeFiles/cmTC_9ebf0.dir/CheckFunctionExists.c.o: In function `main':
CheckFunctionExists.c:(.text.startup.main+0xc): undefined reference to `setmode'
collect2: error: ld returned 1 exit status
CMakeFiles/cmTC_9ebf0.dir/build.make:97: recipe for target 'cmTC_9ebf0' failed
make[1]: *** [cmTC_9ebf0] Error 1
make[1]: Leaving directory '/home/dawn/dawn/workspace/opencv-4.6.0/build/CMakeFiles/CMakeTmp'
Makefile:126: recipe for target 'cmTC_9ebf0/fast' failed
make: *** [cmTC_9ebf0/fast] Error 2


Build output check failed:
    Regex: 'unrecognized .*option'
    Output line: 'cc1: warning: unrecognized command line option ‘-Wno-array-parameter’'
Compilation failed:
    source file: '/home/dawn/dawn/workspace/opencv-4.6.0/build/CMakeFiles/CMakeTmp/src.c'
    check option: ' -Wno-array-parameter'
===== BUILD LOG =====
Change Dir: /home/dawn/dawn/workspace/opencv-4.6.0/build/CMakeFiles/CMakeTmp

Run Build Command:"/usr/bin/make" "cmTC_80f83/fast"
/usr/bin/make -f CMakeFiles/cmTC_80f83.dir/build.make CMakeFiles/cmTC_80f83.dir/build
make[1]: Entering directory '/home/dawn/dawn/workspace/opencv-4.6.0/build/CMakeFiles/CMakeTmp'
Building C object CMakeFiles/cmTC_80f83.dir/src.c.o
/usr/bin/gcc   -fsigned-char -W -Wall -Wreturn-type -Waddress -Wsequence-point -Wformat -Wformat-security -Wstrict-prototypes -Winit-self -Wpointer-arith -Wuninitialized -Wno-comment -Wno-strict-overflow -fdiagnostics-show-option -Wno-long-long -pthread -fomit-frame-pointer -ffunction-sections -fdata-sections  -msse -msse2 -msse3 -fvisibility=hidden -Wno-unused-but-set-variable -Wno-missing-prototypes -Wno-missing-declarations -Wno-undef -Wno-unused -Wno-sign-compare -Wno-cast-align -Wno-shadow -Wno-maybe-uninitialized -Wno-pointer-to-int-cast -Wno-int-to-pointer-cast -Wno-misleading-indentation -Wno-implicit-fallthrough -Wno-unused-parameter  -O3 -DNDEBUG  -DNDEBUG -fPIE   -Wno-array-parameter -o CMakeFiles/cmTC_80f83.dir/src.c.o   -c /home/dawn/dawn/workspace/opencv-4.6.0/build/CMakeFiles/CMakeTmp/src.c
/home/dawn/dawn/workspace/opencv-4.6.0/build/CMakeFiles/CMakeTmp/src.c:1:0: warning: ignoring #pragma   [-Wunknown-pragmas]
 #pragma
 
cc1: warning: unrecognized command line option ‘-Wno-array-parameter’
Linking C executable cmTC_80f83
/usr/bin/cmake -E cmake_link_script CMakeFiles/cmTC_80f83.dir/link.txt --verbose=1
/usr/bin/gcc    -fsigned-char -W -Wall -Wreturn-type -Waddress -Wsequence-point -Wformat -Wformat-security -Wstrict-prototypes -Winit-self -Wpointer-arith -Wuninitialized -Wno-comment -Wno-strict-overflow -fdiagnostics-show-option -Wno-long-long -pthread -fomit-frame-pointer -ffunction-sections -fdata-sections  -msse -msse2 -msse3 -fvisibility=hidden -Wno-unused-but-set-variable -Wno-missing-prototypes -Wno-missing-declarations -Wno-undef -Wno-unused -Wno-sign-compare -Wno-cast-align -Wno-shadow -Wno-maybe-uninitialized -Wno-pointer-to-int-cast -Wno-int-to-pointer-cast -Wno-misleading-indentation -Wno-implicit-fallthrough -Wno-unused-parameter  -O3 -DNDEBUG  -DNDEBUG  -pthread -ldl -lrt  -Wl,--gc-sections -Wl,--as-needed -Wl,--no-undefined  CMakeFiles/cmTC_80f83.dir/src.c.o  -o cmTC_80f83 
make[1]: Leaving directory '/home/dawn/dawn/workspace/opencv-4.6.0/build/CMakeFiles/CMakeTmp'

===== END =====

Build output check failed:
    Regex: 'command[- ]line option .* is valid for .* but not for C\+\+'
    Output line: 'cc1plus: warning: command line option ‘-Wno-missing-prototypes’ is valid for C/ObjC but not for C++'
Compilation failed:
    source file: '/home/dawn/dawn/workspace/opencv-4.6.0/build/CMakeFiles/CMakeTmp/src.cxx'
    check option: ' -Wno-missing-prototypes'
===== BUILD LOG =====
Change Dir: /home/dawn/dawn/workspace/opencv-4.6.0/build/CMakeFiles/CMakeTmp

Run Build Command:"/usr/bin/make" "cmTC_533b0/fast"
/usr/bin/make -f CMakeFiles/cmTC_533b0.dir/build.make CMakeFiles/cmTC_533b0.dir/build
make[1]: Entering directory '/home/dawn/dawn/workspace/opencv-4.6.0/build/CMakeFiles/CMakeTmp'
Building CXX object CMakeFiles/cmTC_533b0.dir/src.cxx.o
/usr/bin/g++    -fsigned-char -W -Wall -Wreturn-type -Wnon-virtual-dtor -Waddress -Wsequence-point -Wformat -Wformat-security -Wundef -Winit-self -Wpointer-arith -Wshadow -Wsign-promo -Wuninitialized -Wsuggest-override -Wno-delete-non-virtual-dtor -Wno-comment -Wimplicit-fallthrough=3 -Wno-strict-overflow -fdiagnostics-show-option -Wno-long-long -pthread -fomit-frame-pointer -ffunction-sections -fdata-sections  -msse -msse2 -msse3 -fvisibility=hidden -fvisibility-inlines-hidden -Wno-missing-declarations -Wno-unused-parameter  -O3 -DNDEBUG  -DNDEBUG -fPIE   -Wno-missing-prototypes -std=c++11 -o CMakeFiles/cmTC_533b0.dir/src.cxx.o -c /home/dawn/dawn/workspace/opencv-4.6.0/build/CMakeFiles/CMakeTmp/src.cxx
cc1plus: warning: command line option ‘-Wno-missing-prototypes’ is valid for C/ObjC but not for C++
/home/dawn/dawn/workspace/opencv-4.6.0/build/CMakeFiles/CMakeTmp/src.cxx:1:0: warning: ignoring #pragma   [-Wunknown-pragmas]
 #pragma
 
Linking CXX executable cmTC_533b0
/usr/bin/cmake -E cmake_link_script CMakeFiles/cmTC_533b0.dir/link.txt --verbose=1
/usr/bin/g++     -fsigned-char -W -Wall -Wreturn-type -Wnon-virtual-dtor -Waddress -Wsequence-point -Wformat -Wformat-security -Wundef -Winit-self -Wpointer-arith -Wshadow -Wsign-promo -Wuninitialized -Wsuggest-override -Wno-delete-non-virtual-dtor -Wno-comment -Wimplicit-fallthrough=3 -Wno-strict-overflow -fdiagnostics-show-option -Wno-long-long -pthread -fomit-frame-pointer -ffunction-sections -fdata-sections  -msse -msse2 -msse3 -fvisibility=hidden -fvisibility-inlines-hidden -Wno-missing-declarations -Wno-unused-parameter  -O3 -DNDEBUG  -DNDEBUG  -pthread -ldl -lrt  -Wl,--gc-sections -Wl,--as-needed -Wl,--no-undefined  CMakeFiles/cmTC_533b0.dir/src.cxx.o  -o cmTC_533b0 
make[1]: Leaving directory '/home/dawn/dawn/workspace/opencv-4.6.0/build/CMakeFiles/CMakeTmp'

===== END =====

Build output check failed:
    Regex: 'unrecognized .*option'
    Output line: 'cc1: warning: unrecognized command line option ‘-Wno-implicit-const-int-float-conversion’'
Compilation failed:
    source file: '/home/dawn/dawn/workspace/opencv-4.6.0/build/CMakeFiles/CMakeTmp/src.c'
    check option: ' -Wno-implicit-const-int-float-conversion'
===== BUILD LOG =====
Change Dir: /home/dawn/dawn/workspace/opencv-4.6.0/build/CMakeFiles/CMakeTmp

Run Build Command:"/usr/bin/make" "cmTC_1f963/fast"
/usr/bin/make -f CMakeFiles/cmTC_1f963.dir/build.make CMakeFiles/cmTC_1f963.dir/build
make[1]: Entering directory '/home/dawn/dawn/workspace/opencv-4.6.0/build/CMakeFiles/CMakeTmp'
Building C object CMakeFiles/cmTC_1f963.dir/src.c.o
/usr/bin/gcc   -fsigned-char -W -Wall -Wreturn-type -Waddress -Wsequence-point -Wformat -Wformat-security -Wmissing-declarations -Wmissing-prototypes -Wstrict-prototypes -Wundef -Winit-self -Wpointer-arith -Wshadow -Wuninitialized -Wno-comment -Wimplicit-fallthrough=3 -Wno-strict-overflow -fdiagnostics-show-option -Wno-long-long -pthread -fomit-frame-pointer -ffunction-sections -fdata-sections  -msse -msse2 -msse3 -fvisibility=hidden  -O3 -DNDEBUG  -DNDEBUG -fPIE   -Wno-implicit-const-int-float-conversion -o CMakeFiles/cmTC_1f963.dir/src.c.o   -c /home/dawn/dawn/workspace/opencv-4.6.0/build/CMakeFiles/CMakeTmp/src.c
/home/dawn/dawn/workspace/opencv-4.6.0/build/CMakeFiles/CMakeTmp/src.c:1:0: warning: ignoring #pragma   [-Wunknown-pragmas]
 #pragma
 
cc1: warning: unrecognized command line option ‘-Wno-implicit-const-int-float-conversion’
Linking C executable cmTC_1f963
/usr/bin/cmake -E cmake_link_script CMakeFiles/cmTC_1f963.dir/link.txt --verbose=1
/usr/bin/gcc    -fsigned-char -W -Wall -Wreturn-type -Waddress -Wsequence-point -Wformat -Wformat-security -Wmissing-declarations -Wmissing-prototypes -Wstrict-prototypes -Wundef -Winit-self -Wpointer-arith -Wshadow -Wuninitialized -Wno-comment -Wimplicit-fallthrough=3 -Wno-strict-overflow -fdiagnostics-show-option -Wno-long-long -pthread -fomit-frame-pointer -ffunction-sections -fdata-sections  -msse -msse2 -msse3 -fvisibility=hidden  -O3 -DNDEBUG  -DNDEBUG  -pthread -ldl -lrt  -Wl,--gc-sections -Wl,--as-needed -Wl,--no-undefined  CMakeFiles/cmTC_1f963.dir/src.c.o  -o cmTC_1f963 
make[1]: Leaving directory '/home/dawn/dawn/workspace/opencv-4.6.0/build/CMakeFiles/CMakeTmp'

===== END =====

Determining if the _aligned_malloc exist failed with the following output:
Change Dir: /home/dawn/dawn/workspace/opencv-4.6.0/build/CMakeFiles/CMakeTmp

Run Build Command:"/usr/bin/make" "cmTC_5fc86/fast"
/usr/bin/make -f CMakeFiles/cmTC_5fc86.dir/build.make CMakeFiles/cmTC_5fc86.dir/build
make[1]: Entering directory '/home/dawn/dawn/workspace/opencv-4.6.0/build/CMakeFiles/CMakeTmp'
Building C object CMakeFiles/cmTC_5fc86.dir/CheckSymbolExists.c.o
/usr/bin/gcc   -fsigned-char -W -Wall -Wreturn-type -Waddress -Wsequence-point -Wformat -Wformat-security -Wmissing-declarations -Wmissing-prototypes -Wstrict-prototypes -Wundef -Winit-self -Wpointer-arith -Wshadow -Wuninitialized -Wno-comment -Wimplicit-fallthrough=3 -Wno-strict-overflow -fdiagnostics-show-option -Wno-long-long -pthread -fomit-frame-pointer -ffunction-sections -fdata-sections  -msse -msse2 -msse3 -fvisibility=hidden -Wno-unused-but-set-variable  -O3 -DNDEBUG  -DNDEBUG -fPIE   -o CMakeFiles/cmTC_5fc86.dir/CheckSymbolExists.c.o   -c /home/dawn/dawn/workspace/opencv-4.6.0/build/CMakeFiles/CMakeTmp/CheckSymbolExists.c
/home/dawn/dawn/workspace/opencv-4.6.0/build/CMakeFiles/CMakeTmp/CheckSymbolExists.c: In function ‘main’:
/home/dawn/dawn/workspace/opencv-4.6.0/build/CMakeFiles/CMakeTmp/CheckSymbolExists.c:8:19: error: ‘_aligned_malloc’ undeclared (first use in this function); did you mean ‘__builtin_malloc’?
   return ((int*)(&_aligned_malloc))[argc];
                   ^~~~~~~~~~~~~~~
                   __builtin_malloc
/home/dawn/dawn/workspace/opencv-4.6.0/build/CMakeFiles/CMakeTmp/CheckSymbolExists.c:8:19: note: each undeclared identifier is reported only once for each function it appears in
/home/dawn/dawn/workspace/opencv-4.6.0/build/CMakeFiles/CMakeTmp/CheckSymbolExists.c:4:14: warning: parameter ‘argc’ set but not used [-Wunused-but-set-parameter]
 int main(int argc, char** argv)
              ^~~~
CMakeFiles/cmTC_5fc86.dir/build.make:65: recipe for target 'CMakeFiles/cmTC_5fc86.dir/CheckSymbolExists.c.o' failed
make[1]: *** [CMakeFiles/cmTC_5fc86.dir/CheckSymbolExists.c.o] Error 1
make[1]: Leaving directory '/home/dawn/dawn/workspace/opencv-4.6.0/build/CMakeFiles/CMakeTmp'
Makefile:126: recipe for target 'cmTC_5fc86/fast' failed
make: *** [cmTC_5fc86/fast] Error 2

File /home/dawn/dawn/workspace/opencv-4.6.0/build/CMakeFiles/CMakeTmp/CheckSymbolExists.c:
/* */
#include <malloc.h>

int main(int argc, char** argv)
{
  (void)argv;
#ifndef _aligned_malloc
  return ((int*)(&_aligned_malloc))[argc];
#else
  (void)argc;
  return 0;
#endif
}

Build output check failed:
    Regex: 'unrecognized .*option'
    Output line: 'cc1: warning: unrecognized command line option ‘-Wno-cast-function-type’'
Compilation failed:
    source file: '/home/dawn/dawn/workspace/opencv-4.6.0/build/CMakeFiles/CMakeTmp/src.c'
    check option: ' -Wno-cast-function-type'
===== BUILD LOG =====
Change Dir: /home/dawn/dawn/workspace/opencv-4.6.0/build/CMakeFiles/CMakeTmp

Run Build Command:"/usr/bin/make" "cmTC_2a5d1/fast"
/usr/bin/make -f CMakeFiles/cmTC_2a5d1.dir/build.make CMakeFiles/cmTC_2a5d1.dir/build
make[1]: Entering directory '/home/dawn/dawn/workspace/opencv-4.6.0/build/CMakeFiles/CMakeTmp'
Building C object CMakeFiles/cmTC_2a5d1.dir/src.c.o
/usr/bin/gcc   -fsigned-char -W -Wall -Wreturn-type -Waddress -Wsequence-point -Wformat -Wformat-security -Wmissing-declarations -Wmissing-prototypes -Winit-self -Wpointer-arith -Wshadow -Wuninitialized -Wno-comment -Wimplicit-fallthrough=3 -Wno-strict-overflow -fdiagnostics-show-option -Wno-long-long -pthread -fomit-frame-pointer -ffunction-sections -fdata-sections  -msse -msse2 -msse3 -fvisibility=hidden -Wno-unused-but-set-variable -Wno-undef -Wno-strict-prototypes  -O3 -DNDEBUG  -DNDEBUG -fPIE   -Wno-cast-function-type -o CMakeFiles/cmTC_2a5d1.dir/src.c.o   -c /home/dawn/dawn/workspace/opencv-4.6.0/build/CMakeFiles/CMakeTmp/src.c
/home/dawn/dawn/workspace/opencv-4.6.0/build/CMakeFiles/CMakeTmp/src.c:1:0: warning: ignoring #pragma   [-Wunknown-pragmas]
 #pragma
 
cc1: warning: unrecognized command line option ‘-Wno-cast-function-type’
Linking C executable cmTC_2a5d1
/usr/bin/cmake -E cmake_link_script CMakeFiles/cmTC_2a5d1.dir/link.txt --verbose=1
/usr/bin/gcc    -fsigned-char -W -Wall -Wreturn-type -Waddress -Wsequence-point -Wformat -Wformat-security -Wmissing-declarations -Wmissing-prototypes -Winit-self -Wpointer-arith -Wshadow -Wuninitialized -Wno-comment -Wimplicit-fallthrough=3 -Wno-strict-overflow -fdiagnostics-show-option -Wno-long-long -pthread -fomit-frame-pointer -ffunction-sections -fdata-sections  -msse -msse2 -msse3 -fvisibility=hidden -Wno-unused-but-set-variable -Wno-undef -Wno-strict-prototypes  -O3 -DNDEBUG  -DNDEBUG  -pthread -ldl -lrt  -Wl,--gc-sections -Wl,--as-needed -Wl,--no-undefined  CMakeFiles/cmTC_2a5d1.dir/src.c.o  -o cmTC_2a5d1 
make[1]: Leaving directory '/home/dawn/dawn/workspace/opencv-4.6.0/build/CMakeFiles/CMakeTmp'

===== END =====

Build output check failed:
    Regex: 'unrecognized .*option'
    Output line: 'cc1: warning: unrecognized command line option ‘-Wno-null-pointer-subtraction’'
Compilation failed:
    source file: '/home/dawn/dawn/workspace/opencv-4.6.0/build/CMakeFiles/CMakeTmp/src.c'
    check option: ' -Wno-null-pointer-subtraction'
===== BUILD LOG =====
Change Dir: /home/dawn/dawn/workspace/opencv-4.6.0/build/CMakeFiles/CMakeTmp

Run Build Command:"/usr/bin/make" "cmTC_4ca8b/fast"
/usr/bin/make -f CMakeFiles/cmTC_4ca8b.dir/build.make CMakeFiles/cmTC_4ca8b.dir/build
make[1]: Entering directory '/home/dawn/dawn/workspace/opencv-4.6.0/build/CMakeFiles/CMakeTmp'
Building C object CMakeFiles/cmTC_4ca8b.dir/src.c.o
/usr/bin/gcc   -fsigned-char -W -Wall -Wreturn-type -Waddress -Wsequence-point -Wformat -Wformat-security -Wmissing-declarations -Wmissing-prototypes -Wstrict-prototypes -Winit-self -Wpointer-arith -Wshadow -Wuninitialized -Wno-comment -Wno-strict-overflow -fdiagnostics-show-option -Wno-long-long -pthread -fomit-frame-pointer -ffunction-sections -fdata-sections  -msse -msse2 -msse3 -fvisibility=hidden -Wno-undef -Wno-cast-align -Wno-implicit-fallthrough -Wno-unused-parameter -Wno-sign-compare -Wno-maybe-uninitialized  -O3 -DNDEBUG  -DNDEBUG -fPIE   -Wno-null-pointer-subtraction -o CMakeFiles/cmTC_4ca8b.dir/src.c.o   -c /home/dawn/dawn/workspace/opencv-4.6.0/build/CMakeFiles/CMakeTmp/src.c
/home/dawn/dawn/workspace/opencv-4.6.0/build/CMakeFiles/CMakeTmp/src.c:1:0: warning: ignoring #pragma   [-Wunknown-pragmas]
 #pragma
 
cc1: warning: unrecognized command line option ‘-Wno-null-pointer-subtraction’
Linking C executable cmTC_4ca8b
/usr/bin/cmake -E cmake_link_script CMakeFiles/cmTC_4ca8b.dir/link.txt --verbose=1
/usr/bin/gcc    -fsigned-char -W -Wall -Wreturn-type -Waddress -Wsequence-point -Wformat -Wformat-security -Wmissing-declarations -Wmissing-prototypes -Wstrict-prototypes -Winit-self -Wpointer-arith -Wshadow -Wuninitialized -Wno-comment -Wno-strict-overflow -fdiagnostics-show-option -Wno-long-long -pthread -fomit-frame-pointer -ffunction-sections -fdata-sections  -msse -msse2 -msse3 -fvisibility=hidden -Wno-undef -Wno-cast-align -Wno-implicit-fallthrough -Wno-unused-parameter -Wno-sign-compare -Wno-maybe-uninitialized  -O3 -DNDEBUG  -DNDEBUG  -pthread -ldl -lrt  -Wl,--gc-sections -Wl,--as-needed -Wl,--no-undefined  CMakeFiles/cmTC_4ca8b.dir/src.c.o  -o cmTC_4ca8b 
make[1]: Leaving directory '/home/dawn/dawn/workspace/opencv-4.6.0/build/CMakeFiles/CMakeTmp'

===== END =====

Build output check failed:
    Regex: 'unrecognized .*option'
    Output line: 'cc1plus: warning: unrecognized command line option ‘-Wno-inconsistent-missing-override’'
Compilation failed:
    source file: '/home/dawn/dawn/workspace/opencv-4.6.0/build/CMakeFiles/CMakeTmp/src.cxx'
    check option: ' -Wno-inconsistent-missing-override'
===== BUILD LOG =====
Change Dir: /home/dawn/dawn/workspace/opencv-4.6.0/build/CMakeFiles/CMakeTmp

Run Build Command:"/usr/bin/make" "cmTC_647c7/fast"
/usr/bin/make -f CMakeFiles/cmTC_647c7.dir/build.make CMakeFiles/cmTC_647c7.dir/build
make[1]: Entering directory '/home/dawn/dawn/workspace/opencv-4.6.0/build/CMakeFiles/CMakeTmp'
Building CXX object CMakeFiles/cmTC_647c7.dir/src.cxx.o
/usr/bin/g++    -fsigned-char -W -Wall -Wreturn-type -Wnon-virtual-dtor -Waddress -Wsequence-point -Wformat -Wformat-security -Winit-self -Wpointer-arith -Wsign-promo -Wno-delete-non-virtual-dtor -Wno-comment -Wimplicit-fallthrough=3 -Wno-strict-overflow -fdiagnostics-show-option -Wno-long-long -pthread -fomit-frame-pointer -ffunction-sections -fdata-sections  -msse -msse2 -msse3 -fvisibility=hidden -fvisibility-inlines-hidden -Wno-shadow -Wno-unused -Wno-sign-compare -Wno-undef -Wno-missing-declarations -Wno-uninitialized -Wno-switch -Wno-parentheses -Wno-array-bounds -Wno-extra -Wno-deprecated-declarations -Wno-misleading-indentation -Wno-deprecated -Wno-suggest-override  -O3 -DNDEBUG  -DNDEBUG -fPIE   -Wno-inconsistent-missing-override -std=c++11 -o CMakeFiles/cmTC_647c7.dir/src.cxx.o -c /home/dawn/dawn/workspace/opencv-4.6.0/build/CMakeFiles/CMakeTmp/src.cxx
/home/dawn/dawn/workspace/opencv-4.6.0/build/CMakeFiles/CMakeTmp/src.cxx:1:0: warning: ignoring #pragma   [-Wunknown-pragmas]
 #pragma
 
cc1plus: warning: unrecognized command line option ‘-Wno-inconsistent-missing-override’
Linking CXX executable cmTC_647c7
/usr/bin/cmake -E cmake_link_script CMakeFiles/cmTC_647c7.dir/link.txt --verbose=1
/usr/bin/g++     -fsigned-char -W -Wall -Wreturn-type -Wnon-virtual-dtor -Waddress -Wsequence-point -Wformat -Wformat-security -Winit-self -Wpointer-arith -Wsign-promo -Wno-delete-non-virtual-dtor -Wno-comment -Wimplicit-fallthrough=3 -Wno-strict-overflow -fdiagnostics-show-option -Wno-long-long -pthread -fomit-frame-pointer -ffunction-sections -fdata-sections  -msse -msse2 -msse3 -fvisibility=hidden -fvisibility-inlines-hidden -Wno-shadow -Wno-unused -Wno-sign-compare -Wno-undef -Wno-missing-declarations -Wno-uninitialized -Wno-switch -Wno-parentheses -Wno-array-bounds -Wno-extra -Wno-deprecated-declarations -Wno-misleading-indentation -Wno-deprecated -Wno-suggest-override  -O3 -DNDEBUG  -DNDEBUG  -pthread -ldl -lrt  -Wl,--gc-sections -Wl,--as-needed -Wl,--no-undefined  CMakeFiles/cmTC_647c7.dir/src.cxx.o  -o cmTC_647c7 
make[1]: Leaving directory '/home/dawn/dawn/workspace/opencv-4.6.0/build/CMakeFiles/CMakeTmp'

===== END =====

Build output check failed:
    Regex: 'unrecognized .*option'
    Output line: 'cc1plus: warning: unrecognized command line option ‘-Wno-implicit-const-int-float-conversion’'
Compilation failed:
    source file: '/home/dawn/dawn/workspace/opencv-4.6.0/build/CMakeFiles/CMakeTmp/src.cxx'
    check option: ' -Wno-implicit-const-int-float-conversion'
===== BUILD LOG =====
Change Dir: /home/dawn/dawn/workspace/opencv-4.6.0/build/CMakeFiles/CMakeTmp

Run Build Command:"/usr/bin/make" "cmTC_dd00b/fast"
/usr/bin/make -f CMakeFiles/cmTC_dd00b.dir/build.make CMakeFiles/cmTC_dd00b.dir/build
make[1]: Entering directory '/home/dawn/dawn/workspace/opencv-4.6.0/build/CMakeFiles/CMakeTmp'
Building CXX object CMakeFiles/cmTC_dd00b.dir/src.cxx.o
/usr/bin/g++    -fsigned-char -W -Wall -Wreturn-type -Wnon-virtual-dtor -Waddress -Wsequence-point -Wformat -Wformat-security -Winit-self -Wpointer-arith -Wsign-promo -Wno-delete-non-virtual-dtor -Wno-comment -Wno-strict-overflow -fdiagnostics-show-option -Wno-long-long -pthread -fomit-frame-pointer -ffunction-sections -fdata-sections  -msse -msse2 -msse3 -fvisibility=hidden -fvisibility-inlines-hidden -Wno-shadow -Wno-unused -Wno-sign-compare -Wno-undef -Wno-missing-declarations -Wno-uninitialized -Wno-switch -Wno-parentheses -Wno-array-bounds -Wno-extra -Wno-deprecated-declarations -Wno-misleading-indentation -Wno-deprecated -Wno-suggest-override -Wno-implicit-fallthrough -Wno-tautological-compare -Wno-reorder -Wno-unused-result  -O3 -DNDEBUG  -DNDEBUG -fPIE   -Wno-implicit-const-int-float-conversion -std=c++11 -o CMakeFiles/cmTC_dd00b.dir/src.cxx.o -c /home/dawn/dawn/workspace/opencv-4.6.0/build/CMakeFiles/CMakeTmp/src.cxx
/home/dawn/dawn/workspace/opencv-4.6.0/build/CMakeFiles/CMakeTmp/src.cxx:1:0: warning: ignoring #pragma   [-Wunknown-pragmas]
 #pragma
 
cc1plus: warning: unrecognized command line option ‘-Wno-implicit-const-int-float-conversion’
Linking CXX executable cmTC_dd00b
/usr/bin/cmake -E cmake_link_script CMakeFiles/cmTC_dd00b.dir/link.txt --verbose=1
/usr/bin/g++     -fsigned-char -W -Wall -Wreturn-type -Wnon-virtual-dtor -Waddress -Wsequence-point -Wformat -Wformat-security -Winit-self -Wpointer-arith -Wsign-promo -Wno-delete-non-virtual-dtor -Wno-comment -Wno-strict-overflow -fdiagnostics-show-option -Wno-long-long -pthread -fomit-frame-pointer -ffunction-sections -fdata-sections  -msse -msse2 -msse3 -fvisibility=hidden -fvisibility-inlines-hidden -Wno-shadow -Wno-unused -Wno-sign-compare -Wno-undef -Wno-missing-declarations -Wno-uninitialized -Wno-switch -Wno-parentheses -Wno-array-bounds -Wno-extra -Wno-deprecated-declarations -Wno-misleading-indentation -Wno-deprecated -Wno-suggest-override -Wno-implicit-fallthrough -Wno-tautological-compare -Wno-reorder -Wno-unused-result  -O3 -DNDEBUG  -DNDEBUG  -pthread -ldl -lrt  -Wl,--gc-sections -Wl,--as-needed -Wl,--no-undefined  CMakeFiles/cmTC_dd00b.dir/src.cxx.o  -o cmTC_dd00b 
make[1]: Leaving directory '/home/dawn/dawn/workspace/opencv-4.6.0/build/CMakeFiles/CMakeTmp'

===== END =====

Build output check failed:
    Regex: 'unrecognized .*option'
    Output line: 'cc1plus: warning: unrecognized command line option ‘-Wno-tautological-undefined-compare’'
Compilation failed:
    source file: '/home/dawn/dawn/workspace/opencv-4.6.0/build/CMakeFiles/CMakeTmp/src.cxx'
    check option: ' -Wno-tautological-undefined-compare'
===== BUILD LOG =====
Change Dir: /home/dawn/dawn/workspace/opencv-4.6.0/build/CMakeFiles/CMakeTmp

Run Build Command:"/usr/bin/make" "cmTC_6c7dd/fast"
/usr/bin/make -f CMakeFiles/cmTC_6c7dd.dir/build.make CMakeFiles/cmTC_6c7dd.dir/build
make[1]: Entering directory '/home/dawn/dawn/workspace/opencv-4.6.0/build/CMakeFiles/CMakeTmp'
Building CXX object CMakeFiles/cmTC_6c7dd.dir/src.cxx.o
/usr/bin/g++    -fsigned-char -W -Wall -Wreturn-type -Wnon-virtual-dtor -Waddress -Wsequence-point -Wformat -Wformat-security -Winit-self -Wpointer-arith -Wuninitialized -Wsuggest-override -Wno-delete-non-virtual-dtor -Wno-comment -Wimplicit-fallthrough=3 -Wno-strict-overflow -fdiagnostics-show-option -Wno-long-long -pthread -fomit-frame-pointer -ffunction-sections -fdata-sections  -msse -msse2 -msse3 -fvisibility=hidden -fvisibility-inlines-hidden -Wno-deprecated -Wno-missing-declarations -Wno-shadow -Wno-unused-parameter -Wno-unused-local-typedefs -Wno-sign-compare -Wno-sign-promo -Wno-undef  -O3 -DNDEBUG  -DNDEBUG -fPIE   -Wno-tautological-undefined-compare -std=c++11 -o CMakeFiles/cmTC_6c7dd.dir/src.cxx.o -c /home/dawn/dawn/workspace/opencv-4.6.0/build/CMakeFiles/CMakeTmp/src.cxx
/home/dawn/dawn/workspace/opencv-4.6.0/build/CMakeFiles/CMakeTmp/src.cxx:1:0: warning: ignoring #pragma   [-Wunknown-pragmas]
 #pragma
 
cc1plus: warning: unrecognized command line option ‘-Wno-tautological-undefined-compare’
Linking CXX executable cmTC_6c7dd
/usr/bin/cmake -E cmake_link_script CMakeFiles/cmTC_6c7dd.dir/link.txt --verbose=1
/usr/bin/g++     -fsigned-char -W -Wall -Wreturn-type -Wnon-virtual-dtor -Waddress -Wsequence-point -Wformat -Wformat-security -Winit-self -Wpointer-arith -Wuninitialized -Wsuggest-override -Wno-delete-non-virtual-dtor -Wno-comment -Wimplicit-fallthrough=3 -Wno-strict-overflow -fdiagnostics-show-option -Wno-long-long -pthread -fomit-frame-pointer -ffunction-sections -fdata-sections  -msse -msse2 -msse3 -fvisibility=hidden -fvisibility-inlines-hidden -Wno-deprecated -Wno-missing-declarations -Wno-shadow -Wno-unused-parameter -Wno-unused-local-typedefs -Wno-sign-compare -Wno-sign-promo -Wno-undef  -O3 -DNDEBUG  -DNDEBUG  -pthread -ldl -lrt  -Wl,--gc-sections -Wl,--as-needed -Wl,--no-undefined  CMakeFiles/cmTC_6c7dd.dir/src.cxx.o  -o cmTC_6c7dd 
make[1]: Leaving directory '/home/dawn/dawn/workspace/opencv-4.6.0/build/CMakeFiles/CMakeTmp'

===== END =====

Build output check failed:
    Regex: 'unrecognized .*option'
    Output line: 'cc1plus: warning: unrecognized command line option ‘-Wno-shorten-64-to-32’'
Compilation failed:
    source file: '/home/dawn/dawn/workspace/opencv-4.6.0/build/CMakeFiles/CMakeTmp/src.cxx'
    check option: ' -Wno-shorten-64-to-32'
===== BUILD LOG =====
Change Dir: /home/dawn/dawn/workspace/opencv-4.6.0/build/CMakeFiles/CMakeTmp

Run Build Command:"/usr/bin/make" "cmTC_c222b/fast"
/usr/bin/make -f CMakeFiles/cmTC_c222b.dir/build.make CMakeFiles/cmTC_c222b.dir/build
make[1]: Entering directory '/home/dawn/dawn/workspace/opencv-4.6.0/build/CMakeFiles/CMakeTmp'
Building CXX object CMakeFiles/cmTC_c222b.dir/src.cxx.o
/usr/bin/g++    -fsigned-char -W -Wall -Wreturn-type -Wnon-virtual-dtor -Waddress -Wsequence-point -Wformat -Wformat-security -Winit-self -Wpointer-arith -Wuninitialized -Wsuggest-override -Wno-delete-non-virtual-dtor -Wno-comment -Wimplicit-fallthrough=3 -Wno-strict-overflow -fdiagnostics-show-option -Wno-long-long -pthread -fomit-frame-pointer -ffunction-sections -fdata-sections  -msse -msse2 -msse3 -fvisibility=hidden -fvisibility-inlines-hidden -Wno-deprecated -Wno-missing-declarations -Wno-shadow -Wno-unused-parameter -Wno-unused-local-typedefs -Wno-sign-compare -Wno-sign-promo -Wno-undef -Wno-ignored-qualifiers -Wno-extra -Wno-unused-function -Wno-unused-const-variable  -O3 -DNDEBUG  -DNDEBUG -fPIE   -Wno-shorten-64-to-32 -std=c++11 -o CMakeFiles/cmTC_c222b.dir/src.cxx.o -c /home/dawn/dawn/workspace/opencv-4.6.0/build/CMakeFiles/CMakeTmp/src.cxx
/home/dawn/dawn/workspace/opencv-4.6.0/build/CMakeFiles/CMakeTmp/src.cxx:1:0: warning: ignoring #pragma   [-Wunknown-pragmas]
 #pragma
 
cc1plus: warning: unrecognized command line option ‘-Wno-shorten-64-to-32’
Linking CXX executable cmTC_c222b
/usr/bin/cmake -E cmake_link_script CMakeFiles/cmTC_c222b.dir/link.txt --verbose=1
/usr/bin/g++     -fsigned-char -W -Wall -Wreturn-type -Wnon-virtual-dtor -Waddress -Wsequence-point -Wformat -Wformat-security -Winit-self -Wpointer-arith -Wuninitialized -Wsuggest-override -Wno-delete-non-virtual-dtor -Wno-comment -Wimplicit-fallthrough=3 -Wno-strict-overflow -fdiagnostics-show-option -Wno-long-long -pthread -fomit-frame-pointer -ffunction-sections -fdata-sections  -msse -msse2 -msse3 -fvisibility=hidden -fvisibility-inlines-hidden -Wno-deprecated -Wno-missing-declarations -Wno-shadow -Wno-unused-parameter -Wno-unused-local-typedefs -Wno-sign-compare -Wno-sign-promo -Wno-undef -Wno-ignored-qualifiers -Wno-extra -Wno-unused-function -Wno-unused-const-variable  -O3 -DNDEBUG  -DNDEBUG  -pthread -ldl -lrt  -Wl,--gc-sections -Wl,--as-needed -Wl,--no-undefined  CMakeFiles/cmTC_c222b.dir/src.cxx.o  -o cmTC_c222b 
make[1]: Leaving directory '/home/dawn/dawn/workspace/opencv-4.6.0/build/CMakeFiles/CMakeTmp'

===== END =====

Build output check failed:
    Regex: 'unrecognized .*option'
    Output line: 'cc1plus: warning: unrecognized command line option ‘-Wno-enum-compare-switch’'
Compilation failed:
    source file: '/home/dawn/dawn/workspace/opencv-4.6.0/build/CMakeFiles/CMakeTmp/src.cxx'
    check option: ' -Wno-enum-compare-switch'
===== BUILD LOG =====
Change Dir: /home/dawn/dawn/workspace/opencv-4.6.0/build/CMakeFiles/CMakeTmp

Run Build Command:"/usr/bin/make" "cmTC_61b17/fast"
/usr/bin/make -f CMakeFiles/cmTC_61b17.dir/build.make CMakeFiles/cmTC_61b17.dir/build
make[1]: Entering directory '/home/dawn/dawn/workspace/opencv-4.6.0/build/CMakeFiles/CMakeTmp'
Building CXX object CMakeFiles/cmTC_61b17.dir/src.cxx.o
/usr/bin/g++    -fsigned-char -W -Wall -Wreturn-type -Wnon-virtual-dtor -Waddress -Wsequence-point -Wformat -Wformat-security -Winit-self -Wpointer-arith -Wuninitialized -Wsuggest-override -Wno-delete-non-virtual-dtor -Wno-comment -Wimplicit-fallthrough=3 -Wno-strict-overflow -fdiagnostics-show-option -Wno-long-long -pthread -fomit-frame-pointer -ffunction-sections -fdata-sections  -msse -msse2 -msse3 -fvisibility=hidden -fvisibility-inlines-hidden -Wno-deprecated -Wno-missing-declarations -Wno-shadow -Wno-unused-parameter -Wno-unused-local-typedefs -Wno-sign-compare -Wno-sign-promo -Wno-undef -Wno-ignored-qualifiers -Wno-extra -Wno-unused-function -Wno-unused-const-variable -Wno-invalid-offsetof  -O3 -DNDEBUG  -DNDEBUG -fPIE   -Wno-enum-compare-switch -std=c++11 -o CMakeFiles/cmTC_61b17.dir/src.cxx.o -c /home/dawn/dawn/workspace/opencv-4.6.0/build/CMakeFiles/CMakeTmp/src.cxx
/home/dawn/dawn/workspace/opencv-4.6.0/build/CMakeFiles/CMakeTmp/src.cxx:1:0: warning: ignoring #pragma   [-Wunknown-pragmas]
 #pragma
 
cc1plus: warning: unrecognized command line option ‘-Wno-enum-compare-switch’
Linking CXX executable cmTC_61b17
/usr/bin/cmake -E cmake_link_script CMakeFiles/cmTC_61b17.dir/link.txt --verbose=1
/usr/bin/g++     -fsigned-char -W -Wall -Wreturn-type -Wnon-virtual-dtor -Waddress -Wsequence-point -Wformat -Wformat-security -Winit-self -Wpointer-arith -Wuninitialized -Wsuggest-override -Wno-delete-non-virtual-dtor -Wno-comment -Wimplicit-fallthrough=3 -Wno-strict-overflow -fdiagnostics-show-option -Wno-long-long -pthread -fomit-frame-pointer -ffunction-sections -fdata-sections  -msse -msse2 -msse3 -fvisibility=hidden -fvisibility-inlines-hidden -Wno-deprecated -Wno-missing-declarations -Wno-shadow -Wno-unused-parameter -Wno-unused-local-typedefs -Wno-sign-compare -Wno-sign-promo -Wno-undef -Wno-ignored-qualifiers -Wno-extra -Wno-unused-function -Wno-unused-const-variable -Wno-invalid-offsetof  -O3 -DNDEBUG  -DNDEBUG  -pthread -ldl -lrt  -Wl,--gc-sections -Wl,--as-needed -Wl,--no-undefined  CMakeFiles/cmTC_61b17.dir/src.cxx.o  -o cmTC_61b17 
make[1]: Leaving directory '/home/dawn/dawn/workspace/opencv-4.6.0/build/CMakeFiles/CMakeTmp'

===== END =====

Determining if the include file sys/videoio.h exists failed with the following output:
Change Dir: /home/dawn/dawn/workspace/opencv-4.6.0/build/CMakeFiles/CMakeTmp

Run Build Command:"/usr/bin/make" "cmTC_98ea1/fast"
/usr/bin/make -f CMakeFiles/cmTC_98ea1.dir/build.make CMakeFiles/cmTC_98ea1.dir/build
make[1]: Entering directory '/home/dawn/dawn/workspace/opencv-4.6.0/build/CMakeFiles/CMakeTmp'
Building C object CMakeFiles/cmTC_98ea1.dir/CheckIncludeFile.c.o
/usr/bin/gcc   -fsigned-char -W -Wall -Wreturn-type -Waddress -Wsequence-point -Wformat -Wformat-security -Wmissing-declarations -Wmissing-prototypes -Wstrict-prototypes -Wundef -Winit-self -Wpointer-arith -Wshadow -Wuninitialized -Wno-comment -Wimplicit-fallthrough=3 -Wno-strict-overflow -fdiagnostics-show-option -Wno-long-long -pthread -fomit-frame-pointer -ffunction-sections -fdata-sections  -msse -msse2 -msse3 -fvisibility=hidden  -O3 -DNDEBUG  -DNDEBUG -fPIE   -o CMakeFiles/cmTC_98ea1.dir/CheckIncludeFile.c.o   -c /home/dawn/dawn/workspace/opencv-4.6.0/build/CMakeFiles/CMakeTmp/CheckIncludeFile.c
/home/dawn/dawn/workspace/opencv-4.6.0/build/CMakeFiles/CMakeTmp/CheckIncludeFile.c:1:10: fatal error: sys/videoio.h: No such file or directory
 #include <sys/videoio.h>
          ^~~~~~~~~~~~~~~
compilation terminated.
CMakeFiles/cmTC_98ea1.dir/build.make:65: recipe for target 'CMakeFiles/cmTC_98ea1.dir/CheckIncludeFile.c.o' failed
make[1]: *** [CMakeFiles/cmTC_98ea1.dir/CheckIncludeFile.c.o] Error 1
make[1]: Leaving directory '/home/dawn/dawn/workspace/opencv-4.6.0/build/CMakeFiles/CMakeTmp'
Makefile:126: recipe for target 'cmTC_98ea1/fast' failed
make: *** [cmTC_98ea1/fast] Error 2


